Getting activations from json files. If you need to extract them, run with --extract=True 

Anayzing pretrained_BERT
Loading json activations from ./activations/bert_activations_train.json...
54291 13.0
Number of tokens:  507521
length of source dictionary:  28820
length of target dictionary:  49
507521
Total instances: 507521
['ww_tr', '"Analytic/POTENTIALLY_INACTIVE/"', 'validators', 'sitetree_breadcrumbs', 'curvature_flipping', 'MATH_CHARACTERS', '"seconds"', 'wait_on_rate_limit', '"min_version"', 'pwdHash', 'plugins', '_set_options', 'summaries', '_has_connection', 'extra_bytes_vlr', "'th'", 'body', 'set_len', 'taper_func', 'points_bytes']
Number of samples:  507521
Stats: Labels with their frequencies in the final set
NAME 175779
KEYWORD 38836
LPAR 37541
RPAR 36846
DOT 35570
COMMA 33435
EQUAL 30541
COLON 19841
STRING 17117
DEDENT 16600
LSQB 14740
RSQB 14613
INDENT 11963
NUMBER 10471
PLUS 1939
EQEQUAL 1830
STAR 1500
MINUS 1458
LBRACE 1070
RBRACE 845
DOUBLESTAR 844
SLASH 630
PERCENT 577
PLUSEQUAL 501
GREATER 456
NOTEQUAL 429
LESS 332
RARROW 330
GREATEREQUAL 175
LESSEQUAL 133
AMPER 94
DOUBLESLASH 94
MINEQUAL 58
ELLIPSIS 55
COMMENT 37
VBAR 35
AT 29
STAREQUAL 27
RIGHTSHIFT 25
LEFTSHIFT 25
SLASHEQUAL 24
VBAREQUAL 23
TILDE 23
CIRCUMFLEX 22
AMPEREQUAL 2
DOUBLESLASHEQUAL 2
RIGHTSHIFTEQUAL 2
ENCODING 1
DOUBLESTAREQUAL 1
pretrained_BERT distribution after trauncating:
{0: 0.7257507132446749, 3: 0.16034483470477245, 1: 0.07067212214547301, 2: 0.04323232990507962}
{0: 175779, 3: 38836, 1: 17117, 2: 10471}
{'NAME': 0, 'STRING': 1, 'NUMBER': 2, 'KEYWORD': 3}
Loading json activations from ./activations/bert_activations_valid.json...
33619 13.0
Number of tokens:  308882
length of source dictionary:  19446
length of target dictionary:  46
308882
Total instances: 308882
['conf', "'class'", 'dump_external_files', '_handle_home', "'wellx'", 'def', 'from_conf', '"FLOP/s"', 'coding_sequence_name', 'add_prefix', "'-i'", "'oppScore'", 'feats', '0x3d40', 'b_g', "'team_wp'", 'hextx', '_to_py_list', 'TagRemovePreprocessor', 'validators']
Number of samples:  308882
Stats: Labels with their frequencies in the final set
NAME 106508
DOT 23234
KEYWORD 22857
LPAR 22119
RPAR 21487
COMMA 21037
EQUAL 18195
STRING 12883
COLON 12504
DEDENT 10176
LSQB 8421
RSQB 8348
INDENT 7080
NUMBER 5227
EQEQUAL 1207
PLUS 1136
LBRACE 1077
STAR 963
RBRACE 913
MINUS 741
DOUBLESTAR 555
SLASH 393
PLUSEQUAL 323
GREATER 292
NOTEQUAL 240
PERCENT 222
RARROW 214
LESS 200
GREATEREQUAL 82
LESSEQUAL 47
AT 33
AMPER 29
DOUBLESLASH 27
MINEQUAL 27
VBAR 23
COMMENT 13
ELLIPSIS 13
STAREQUAL 10
LEFTSHIFT 7
TILDE 7
RIGHTSHIFT 4
SLASHEQUAL 3
CIRCUMFLEX 2
ENCODING 1
DOUBLESLASHEQUAL 1
AMPEREQUAL 1
pretrained_BERT distribution after trauncating:
{0: 0.7222105441600272, 3: 0.1549889811832514, 1: 0.08735717918291236, 2: 0.035443295473809124}
{0: 106508, 3: 22857, 1: 12883, 2: 5227}
{'NAME': 0, 'STRING': 1, 'NUMBER': 2, 'KEYWORD': 3}
Loading json activations from ./activations/bert_activations_test.json...
32570 13.0
Number of tokens:  302448
length of source dictionary:  18380
length of target dictionary:  49
302448
Total instances: 302448
['conf', "'discovery'", 'min_v', 'login_required', "'minFieldContribution'", '_NamespaceInfo', "'class'", 'SETNO', "'$1'", 'PSF_URL', 'def', "'sprints'", '_bucketValues', 'categoryToRemove', 'bucketOffset', '"serialized_value"', 'pattern_list', 'add_prefix', 'mark_tick', '"genBaseDescription"']
Number of samples:  302448
Stats: Labels with their frequencies in the final set
NAME 106943
DOT 23125
LPAR 23019
RPAR 22645
KEYWORD 21773
COMMA 19472
EQUAL 18096
COLON 11225
DEDENT 9778
STRING 8156
LSQB 7717
RSQB 7682
NUMBER 7295
INDENT 6823
EQEQUAL 1344
MINUS 1259
PLUS 1013
STAR 863
LBRACE 527
PLUSEQUAL 448
RBRACE 436
GREATER 417
PERCENT 341
NOTEQUAL 341
SLASH 323
DOUBLESTAR 284
LESS 247
GREATEREQUAL 216
LESSEQUAL 107
AMPER 100
RIGHTSHIFT 61
LEFTSHIFT 53
MINEQUAL 48
DOUBLESLASH 48
RARROW 41
VBAR 38
ELLIPSIS 28
COMMENT 19
AT 17
CIRCUMFLEX 17
STAREQUAL 15
SLASHEQUAL 15
VBAREQUAL 12
TILDE 7
SEMI 6
PERCENTEQUAL 5
ENCODING 1
DOUBLESTAREQUAL 1
AMPEREQUAL 1
pretrained_BERT distribution after trauncating:
{0: 0.7417994409261481, 3: 0.1510262404017563, 1: 0.05657327959935353, 2: 0.05060103907274203}
{0: 106943, 3: 21773, 1: 8156, 2: 7295}
{'NAME': 0, 'STRING': 1, 'NUMBER': 2, 'KEYWORD': 3}
label:3, the number of unique tokens:33
The unique labels are:['False', 'None', 'True', 'and', 'as', 'assert', 'await', 'break', 'class', 'continue', 'def', 'del', 'else', 'except', 'finally', 'for', 'from', 'global', 'if', 'import', 'in', 'is', 'lambda', 'nonlocal', 'not', 'or', 'pass', 'raise', 'return', 'try', 'while', 'with', 'yield']
label:0, the number of unique tokens:21572
label:1, the number of unique tokens:6805
label:2, the number of unique tokens:331
The unique labels are:['.00001', '.01', '.05', '.1', '.2', '.3', '.5', '.9', '.95', '0', '0.', '0.0', '0.00002', '0.0001', '0.001', '0.002', '0.005', '0.01', '0.01683697', '0.02', '0.025', '0.03', '0.05', '0.07', '0.1', '0.15', '0.2', '0.20', '0.22', '0.25', '0.3', '0.33', '0.4', '0.400', '0.5', '0.50922', '0.53', '0.7', '0.75', '0.8', '0.80', '0.85', '0.9', '0.95', '0.98', '0.99', '0j', '0o600', '0o644', '0o777', '0x00', '0x08', '0x0B', '0x1', '0x147A', '0x1F', '0x7F', '0x80', '0x8000', '0x84', '0x86', '0x88', '0x89', '0x9F', '0xAC00', '0xFF', '0xFFFF', '0xff', '1', '1.', '1.0', '1.05', '1.08', '1.0e-7', '1.1', '1.10', '1.2', '1.25', '1.3', '1.4', '1.406211e-6', '1.5', '1.J', '1.j', '10', '10.0', '100', '100.', '100.0', '1000', '1000.0', '10000', '1000000', '10000000', '1000000000.0', '100000000000', '101', '101677777', '1023', '1024', '1024.0', '107.7', '109', '10e10', '11', '11025', '11025.0', '111', '113', '12', '12.', '12.0', '120', '120.0', '120000', '12200', '127', '128', '13', '131', '14', '140', '144', '15', '150', '150.0', '152.0', '16', '160', '17', '175', '18', '180', '19', '19.4712', '192', '192.85', '192.85948', '1E-12', '1E-9', '1E3', '1e-09', '1e-10', '1e-12', '1e-2', '1e-3', '1e-4', '1e-5', '1e-6', '1e-9', '1e6', '1j', '2', '2.', '2.0', '2.13', '2.371512e-11', '2.5', '20', '20.0', '20.6', '200', '200.0', '2000', '20000', '200000', '20051', '20060', '20061', '201', '202', '204', '2048', '207', '21', '2147483647', '22', '22.5', '22050', '224', '225', '23', '24', '240', '242854337', '246', '25', '25.0', '250', '25000', '255', '255.', '255.0', '256', '257', '258', '259', '2595.0', '26', '260', '262', '264', '27', '27.12', '27.12825', '270', '27017', '28', '29', '3', '3.', '3.0', '30', '300', '301', '302', '306674912', '307', '31', '314', '32', '32.0', '32.93192', '320.0', '32768', '33', '34', '34736', '34737', '35', '35163', '36', '360', '3600', '365', '37', '38', '384', '39', '4', '4.', '4.0', '4.2', '4.74057', '40', '40.0', '40.11453', '400', '4000.0', '40000', '401', '403', '404', '4096', '41', '410', '42', '420', '4200000', '429', '43', '440.0', '4410', '443', '45', '48', '480', '493', '5', '5.0', '5.5', '50', '50.', '500', '5000', '50000', '502', '503', '504', '512', '52', '55', '550', '55296', '56', '57344', '59', '5e4', '6', '6.', '6.0', '6.5', '60', '60.0', '600', '6000000', '63', '6367', '6379', '64', '650', '65535.0', '65536', '67', '7', '7.', '70', '700.0', '720', '737.9', '75', '77', '8', '8.0', '80', '80.0', '800', '8080', '84', '85', '86400', '882', '8E3', '9', '90', '96', '98', '99', '99.73', '993', '999999.0']
label:3, the number of unique tokens:32
The unique labels are:['False', 'None', 'True', 'and', 'as', 'assert', 'await', 'break', 'class', 'continue', 'def', 'del', 'else', 'except', 'finally', 'for', 'from', 'global', 'if', 'import', 'in', 'is', 'lambda', 'not', 'or', 'pass', 'raise', 'return', 'try', 'while', 'with', 'yield']
label:0, the number of unique tokens:13665
label:2, the number of unique tokens:610
The unique labels are:['.02', '.025', '.05', '.8', '.95', '0', '0.', '0.0', '0.000', '0.001', '0.009', '0.01', '0.012', '0.02', '0.025', '0.027', '0.03', '0.032', '0.0349', '0.04', '0.0471', '0.05', '0.075', '0.08', '0.082', '0.0975', '0.1', '0.1125', '0.115', '0.125', '0.15', '0.167', '0.2', '0.206', '0.22', '0.232', '0.25', '0.250', '0.298', '0.3', '0.33', '0.333', '0.35', '0.4', '0.404', '0.435', '0.45', '0.5', '0.500', '0.509', '0.598', '0.6', '0.627', '0.667', '0.685', '0.7', '0.700', '0.73', '0.75', '0.772', '0.794', '0.8', '0.855', '0.9', '0.912', '0.93', '0.948', '0.968', '0.983', '0.997', '0x0000', '0x0140', '0x0280', '0x03c0', '0x0440', '0x0500', '0x06c0', '0x0780', '0x0880', '0x09c0', '0x0F0F', '0x0a00', '0x0b40', '0x0cc0', '0x0d80', '0x0e40', '0x0f00', '0x1040', '0x1100', '0x12c0', '0x1380', '0x1400', '0x1540', '0x1680', '0x17c0', '0x18c0', '0x1980', '0x1a40', '0x1b00', '0x1c80', '0x1dc0', '0x1e00', '0x1f40', '0x2080', '0x21c0', '0x2200', '0x2340', '0x24c0', '0x2580', '0x2640', '0x2700', '0x2800', '0x2940', '0x2a80', '0x2bc0', '0x2c40', '0x2d00', '0x2ec0', '0x2f80', '0x3030303', '0x30c0', '0x3180', '0x3240', '0x3300', '0x3480', '0x35c0', '0x3600', '0x3740', '0x3840', '0x3900', '0x3ac0', '0x3b80', '0x3c00', '0x3d40', '0x3e80', '0x3fc0', '0x4040', '0x4100', '0x42c0', '0x4380', '0x4400', '0x4540', '0x4680', '0x47c0', '0x48c0', '0x4980', '0x4a40', '0x4b00', '0x4c80', '0x4dc0', '0x4e00', '0x4f40', '0x5000', '0x5140', '0x5280', '0x53c0', '0x5440', '0x5500', '0x56c0', '0x5780', '0x5880', '0x59c0', '0x5a00', '0x5b40', '0x5cc0', '0x5d80', '0x5e40', '0x5f00', '0x60c0', '0x6180', '0x6240', '0x6300', '0x6480', '0x65c0', '0x6600', '0x6740', '0x6840', '0x6900', '0x6ac0', '0x6b80', '0x6c00', '0x6d40', '0x6e80', '0x6fc0', '0x7080', '0x71c0', '0x7200', '0x7340', '0x74c0', '0x7580', '0x7640', '0x7700', '0x7800', '0x7940', '0x7F', '0x7F7F', '0x7a80', '0x7bc0', '0x7c40', '0x7d00', '0x7ec0', '0x7f80', '0x8081', '0x81c1', '0x8201', '0x8341', '0x84c1', '0x8581', '0x8641', '0x8701', '0x8801', '0x8941', '0x8a81', '0x8bc1', '0x8c41', '0x8d01', '0x8ec1', '0x8f81', '0x90c1', '0x9181', '0x9241', '0x9301', '0x9481', '0x95c1', '0x9601', '0x9741', '0x9841', '0x9901', '0x9ac1', '0x9b81', '0x9c01', '0x9d41', '0x9e81', '0x9fc1', '0xF000F', '0xFF', '0xFFFF', '0xa001', '0xa141', '0xa281', '0xa3c1', '0xa441', '0xa501', '0xa6c1', '0xa781', '0xa881', '0xa9c1', '0xaa01', '0xab41', '0xacc1', '0xad81', '0xae41', '0xaf01', '0xb041', '0xb101', '0xb2c1', '0xb381', '0xb401', '0xb541', '0xb681', '0xb7c1', '0xb8c1', '0xb981', '0xba41', '0xbb01', '0xbc81', '0xbdc1', '0xbe01', '0xbf41', '0xc0c1', '0xc181', '0xc241', '0xc301', '0xc481', '0xc5c1', '0xc601', '0xc741', '0xc841', '0xc901', '0xcac1', '0xcb81', '0xcc01', '0xcd41', '0xce81', '0xcfc1', '0xd081', '0xd1c1', '0xd201', '0xd341', '0xd4c1', '0xd581', '0xd641', '0xd701', '0xd801', '0xd941', '0xda81', '0xdbc1', '0xdc41', '0xdd01', '0xdec1', '0xdf81', '0xe041', '0xe101', '0xe2c1', '0xe381', '0xe401', '0xe541', '0xe681', '0xe7c1', '0xe8c1', '0xe981', '0xea41', '0xeb01', '0xec81', '0xedc1', '0xee01', '0xef41', '0xf001', '0xf141', '0xf281', '0xf3c1', '0xf441', '0xf501', '0xf6c1', '0xf781', '0xf881', '0xf9c1', '0xfa01', '0xfb41', '0xfcc1', '0xfd81', '0xfe41', '0xff', '0xff01', '0xffff', '1', '1.', '1.0', '1.01', '1.03', '1.033', '1.056', '1.064', '1.088', '1.107', '1.109', '1.121', '1.152', '1.154', '1.167', '1.17', '1.193', '1.208', '1.235', '1.241', '1.3', '1.302', '1.311', '1.32', '1.337', '1.342', '1.389', '1.4', '1.444', '1.446', '1.5', '1.55', '1.56', '1.584', '1.71', '1.86', '1.87', '1.e-9', '10', '10.0', '10.04', '100', '100.', '100.0', '1000', '1000.0', '10000', '1000000', '1024', '103.939', '10e10', '11', '11.11', '110', '116.779', '119.', '12', '12.30', '120', '123.68', '13', '13.86', '138', '14', '14.0', '14.29', '147', '149.597870e6', '15', '15.95', '150', '1500', '15000', '16', '163', '17', '177.', '178.', '18', '180', '184', '187.', '187.5', '188.', '19', '19.34', '194.', '1_000_000_000', '1e-2', '1e-3', '1e-5', '1e3', '1e6', '1e7', '2', '2.', '2.0', '2.10', '2.26', '2.33', '2.4', '2.49', '2.5', '2.64', '2.72', '2.87', '2.9296875', '20', '20.00', '20.08', '200', '2000', '2000.0', '201', '204', '2097151', '21', '21.17', '21000', '211', '212', '22', '22.42', '22.50', '22.51', '22000', '23', '24', '24.', '25.08', '25.10', '254.', '255', '255.', '256', '27', '27.47', '27.58', '27.69', '270', '27017', '28.0', '28.00', '280', '281', '3', '3.', '3.0', '3.11', '3.27', '3.34', '3.35', '3.74', '3.81', '30', '30.0', '30.00', '30.08', '30.11', '300', '304', '31', '32', '32.45', '32.50', '32.58', '34.92', '35.00', '35.04', '35000', '360', '3600', '3600.0', '365.', '37', '37.50', '37.67', '37.83', '37.88', '38', '4', '4.43', '4.44', '4.82', '40', '40.00', '40.14', '40.17', '400', '401', '403', '404', '406', '409', '412', '42', '42.0', '42.42', '42.65', '42.67', '422', '424.2', '45', '45.00', '45.07', '46', '465', '47.00', '47.17', '47.33', '47.50', '4729418', '49.75', '5', '5.0', '5.14', '5.20', '5.28', '5.37', '5.7', '50', '50.', '50.00', '50.08', '50.4', '500', '5000', '50000', '51', '512', '53', '5500', '55000', '58', '587', '59', '6', '6.07', '6.14', '6.29', '60', '60.', '60.0', '63', '64', '65', '7', '7.16', '7.38', '7.46', '7.5', '70', '70.6', '700', '7000', '75', '78', '79', '8', '8.0', '8.33', '80', '8000', '9', '9.01', '9.24', '9.8', '90', '900', '9600', '9800', '99.0', '9999', '999999', '99999999']
label:1, the number of unique tokens:5085
label:3, the number of unique tokens:32
The unique labels are:['False', 'None', 'True', 'and', 'as', 'assert', 'await', 'break', 'class', 'continue', 'def', 'del', 'else', 'except', 'finally', 'for', 'from', 'global', 'if', 'import', 'in', 'is', 'lambda', 'not', 'or', 'pass', 'raise', 'return', 'try', 'while', 'with', 'yield']
label:0, the number of unique tokens:14163
label:1, the number of unique tokens:3813
label:2, the number of unique tokens:310
The unique labels are:['.2', '.4', '.5', '0', '0.', '0.0', '0.000001', '0.00001', '0.0001', '0.0003', '0.001', '0.005', '0.01', '0.02', '0.03', '0.032', '0.04', '0.05', '0.1', '0.10', '0.125', '0.2', '0.22', '0.25', '0.258', '0.3', '0.35', '0.352', '0.4', '0.486', '0.5', '0.50', '0.6', '0.65', '0.66', '0.7', '0.75', '0.8', '0.843', '0.9', '0.911', '0.94', '0.95', '0.99', '0.999', '0.99999', '0b001', '0b010', '0b100', '0o070', '0o7', '0o700', '0o755', '0x0', '0x00', '0x00000000', '0x00000001', '0x00000002', '0x00000003', '0x00000004', '0x00000005', '0x00000006', '0x0000000d', '0x00000010', '0x0000003f', '0x00000040', '0x00000080', '0x00000100', '0x000001ff', '0x00000201', '0x00000400', '0x00000800', '0x00000fff', '0x0000800000000000', '0x000306c3', '0x00c10000', '0x00f0b5ff', '0x01c0003f', '0x02', '0x03c0003f', '0x05100800', '0x0F', '0x0f', '0x1', '0x10', '0x1000', '0x1c004121', '0x1c004122', '0x1c004143', '0x1c03c163', '0x1f', '0x2', '0x3', '0x3f', '0x4', '0x49656e69', '0x60', '0x6c65746e', '0x7', '0x756e6547', '0x76035a01', '0x7ffafbff', '0x8', '0x80', '0x90', '0x99', '0xD5', '0xb', '0xbfebfbff', '0xd', '0xf0', '0xf8000000', '0xff', '0xffff', '0xffffffff', '0xffffffffffffffffffffffffffffffff00000000000000000000000000000000', '1', '1.', '1.0', '1.01', '1.1', '1.15', '1.2', '1.279', '1.4142', '1.42', '1.5', '1.5e-5', '1.8', '10', '10.0', '10.6', '100', '100.0', '1000', '10000', '10000.0', '100000', '100000.0', '1000000.0', '101', '1024', '109', '10e-7', '11', '111', '113', '12', '12.', '120', '127.5', '128', '12836', '13', '14', '144', '15', '15.', '150', '1500', '16', '17', '18', '180', '180.0', '19', '19.9', '195', '1e-10', '1e-2', '1e-3', '1e-5', '1e-6', '1e-7', '1e-8', '1e-9', '1e6', '1e9', '2', '2.', '2.0', '20', '20.0', '20.4', '200', '2000', '201', '2012', '2048', '21', '21.0', '21.3', '2147483647', '22', '22.2', '22.4', '22.7', '224', '23', '2396512', '24', '24.0', '24.4', '25', '250', '255', '255.', '255.0', '256', '27.2', '270', '273.15', '28', '282', '3', '3.92', '3.95', '30', '300', '30000', '31', '3119362', '31344016', '32', '32.', '35', '360.0', '3600', '368', '376', '39', '3e-4', '4', '4.0', '4.03', '4.29', '40', '40.0', '400', '4000', '403', '404', '4096', '41', '42', '42.0', '422', '430', '4326', '443', '48', '48.2', '5', '5.0', '5.25', '50', '500', '5000', '5000.0', '50000', '500000', '51', '512', '52', '52.5', '54', '55', '56', '58', '5e-4', '6', '6.0', '6.26', '60', '60.0', '600', '6006', '62', '63', '6379', '64', '650', '7', '7.0', '7.2', '7.8', '7.9', '784', '7e-4', '8', '8.0', '8.03', '8.2', '8.31', '8.4', '8.5', '80', '800', '8000', '80e6', '86400', '888', '9', '9.5', '9.8', '90', '92', '96', '9862', '999999']
Write tokens in the training set to files:
Write tokens in the validation set to files:
Write tokens in the testing set to files:

The distribution of classes in training after removing repeated tokens between training and tesing:
Counter({0: 5000, 3: 5000, 1: 5000, 2: 5000})
{'NAME': 0, 'STRING': 1, 'NUMBER': 2, 'KEYWORD': 3}
The distribution of classes in valid:
Counter({3: 540, 0: 540, 1: 540, 2: 540})
{'NAME': 0, 'STRING': 1, 'NUMBER': 2, 'KEYWORD': 3}
The distribution of classes in testing:
Counter({3: 365, 0: 365, 1: 365, 2: 365})
{'NAME': 0, 'STRING': 1, 'NUMBER': 2, 'KEYWORD': 3}
